  Timer.cpp
c:\users\jordan\documents\visual studio 2015\projects\clothsim\clothsim\timer.cpp(23): warning C4244: '=': conversion from 'double' to 'float', possible loss of data
c:\users\jordan\documents\visual studio 2015\projects\clothsim\clothsim\timer.cpp(49): warning C4244: '=': conversion from 'double' to 'float', possible loss of data
c:\users\jordan\documents\visual studio 2015\projects\clothsim\clothsim\timer.cpp(63): warning C4244: '=': conversion from 'double' to 'float', possible loss of data
c:\users\jordan\documents\visual studio 2015\projects\clothsim\clothsim\timer.cpp(87): warning C4244: '=': conversion from 'double' to 'float', possible loss of data
  stb_image.cpp
  Shader.cpp
  Model.cpp
c:\users\jordan\documents\visual studio 2015\projects\clothsim\clothsim\common.h(18): warning C4005: 'PI': macro redefinition
  c:\users\jordan\documents\visual studio 2015\projects\clothsim\clothsim\glcamera.h(11): note: see previous definition of 'PI'
c:\users\jordan\documents\visual studio 2015\projects\clothsim\clothsim\model.cpp(37): warning C4390: ';': empty controlled statement found; is this the intent?
c:\users\jordan\documents\visual studio 2015\projects\clothsim\clothsim\model.cpp(39): warning C4390: ';': empty controlled statement found; is this the intent?
c:\users\jordan\documents\visual studio 2015\projects\clothsim\clothsim\model.cpp(41): warning C4390: ';': empty controlled statement found; is this the intent?
c:\users\jordan\documents\visual studio 2015\projects\clothsim\clothsim\model.cpp(718): warning C4390: ';': empty controlled statement found; is this the intent?
c:\users\jordan\documents\visual studio 2015\projects\clothsim\clothsim\model.cpp(720): warning C4390: ';': empty controlled statement found; is this the intent?
c:\users\jordan\documents\visual studio 2015\projects\clothsim\clothsim\model.cpp(722): warning C4390: ';': empty controlled statement found; is this the intent?
  Mesh.cpp
c:\users\jordan\documents\visual studio 2015\projects\clothsim\clothsim\mesh.cpp(158): warning C4018: '<': signed/unsigned mismatch
c:\users\jordan\documents\visual studio 2015\projects\clothsim\clothsim\mesh.cpp(160): warning C4018: '<': signed/unsigned mismatch
c:\users\jordan\documents\visual studio 2015\projects\clothsim\clothsim\mesh.cpp(173): warning C4244: 'initializing': conversion from 'float' to 'unsigned int', possible loss of data
c:\users\jordan\documents\visual studio 2015\projects\clothsim\clothsim\mesh.cpp(174): warning C4244: 'initializing': conversion from 'float' to 'unsigned int', possible loss of data
c:\users\jordan\documents\visual studio 2015\projects\clothsim\clothsim\mesh.cpp(207): warning C4018: '<': signed/unsigned mismatch
c:\users\jordan\documents\visual studio 2015\projects\clothsim\clothsim\mesh.cpp(218): warning C4018: '<': signed/unsigned mismatch
c:\users\jordan\documents\visual studio 2015\projects\clothsim\clothsim\mesh.cpp(230): warning C4018: '<': signed/unsigned mismatch
c:\users\jordan\documents\visual studio 2015\projects\clothsim\clothsim\mesh.cpp(233): warning C4018: '<': signed/unsigned mismatch
c:\users\jordan\documents\visual studio 2015\projects\clothsim\clothsim\mesh.cpp(246): warning C4018: '<': signed/unsigned mismatch
c:\users\jordan\documents\visual studio 2015\projects\clothsim\clothsim\mesh.cpp(255): warning C4018: '<': signed/unsigned mismatch
c:\users\jordan\documents\visual studio 2015\projects\clothsim\clothsim\mesh.cpp(265): warning C4018: '<': signed/unsigned mismatch
  Main.cpp
c:\users\jordan\documents\visual studio 2015\projects\clothsim\clothsim\common.h(18): warning C4005: 'PI': macro redefinition
  c:\users\jordan\documents\visual studio 2015\projects\clothsim\clothsim\glcamera.h(11): note: see previous definition of 'PI'
c:\users\jordan\documents\visual studio 2015\projects\clothsim\clothsim\main.cpp(174): warning C4244: 'initializing': conversion from 'double' to 'float', possible loss of data
c:\users\jordan\documents\visual studio 2015\projects\clothsim\clothsim\main.cpp(175): warning C4244: 'initializing': conversion from 'double' to 'float', possible loss of data
c:\users\jordan\documents\visual studio 2015\projects\clothsim\clothsim\main.cpp(197): warning C4305: '+=': truncation from 'double' to 'float'
c:\users\jordan\documents\visual studio 2015\projects\clothsim\clothsim\main.cpp(201): warning C4305: '-=': truncation from 'double' to 'float'
c:\users\jordan\documents\visual studio 2015\projects\clothsim\clothsim\main.cpp(205): warning C4305: '-=': truncation from 'double' to 'float'
c:\users\jordan\documents\visual studio 2015\projects\clothsim\clothsim\main.cpp(209): warning C4305: '+=': truncation from 'double' to 'float'
  GLCamera.cpp
c:\users\jordan\documents\visual studio 2015\projects\clothsim\clothsim\glcamera.cpp(89): warning C4305: '=': truncation from 'double' to 'float'
c:\users\jordan\documents\visual studio 2015\projects\clothsim\clothsim\glcamera.cpp(124): warning C4305: '=': truncation from 'double' to 'float'
c:\users\jordan\documents\visual studio 2015\projects\clothsim\clothsim\glcamera.cpp(157): warning C4244: 'argument': conversion from 'double' to 'float', possible loss of data
  Animation.cpp
c:\users\jordan\documents\visual studio 2015\projects\clothsim\clothsim\common.h(18): warning C4005: 'PI': macro redefinition
  c:\users\jordan\documents\visual studio 2015\projects\clothsim\clothsim\glcamera.h(11): note: see previous definition of 'PI'
c:\users\jordan\documents\visual studio 2015\projects\clothsim\clothsim\animation.cpp(75): warning C4244: '+=': conversion from 'double' to 'float', possible loss of data
c:\users\jordan\documents\visual studio 2015\projects\clothsim\clothsim\animation.cpp(76): warning C4244: '=': conversion from 'double' to 'float', possible loss of data
c:\users\jordan\documents\visual studio 2015\projects\clothsim\clothsim\animation.cpp(89): warning C4244: '=': conversion from 'double' to 'float', possible loss of data
c:\users\jordan\documents\visual studio 2015\projects\clothsim\clothsim\animation.cpp(233): warning C4244: 'initializing': conversion from 'double' to 'float', possible loss of data
c:\users\jordan\documents\visual studio 2015\projects\clothsim\clothsim\animation.cpp(262): warning C4244: 'initializing': conversion from 'double' to 'float', possible loss of data
c:\users\jordan\documents\visual studio 2015\projects\clothsim\clothsim\animation.cpp(294): warning C4244: 'initializing': conversion from 'double' to 'float', possible loss of data
c:\users\jordan\documents\visual studio 2015\projects\clothsim\clothsim\animation.cpp(350): warning C4018: '<': signed/unsigned mismatch
  AABB.cpp
  Generating Code...
  glad.c
Animation.obj : error LNK2019: unresolved external symbol _glfwGetTime referenced in function "public: void __thiscall Animation::getBoneTransforms(class std::vector<struct glm::tmat4x4<float,0>,class std::allocator<struct glm::tmat4x4<float,0> > > *)" (?getBoneTransforms@Animation@@QAEXPAV?$vector@U?$tmat4x4@M$0A@@glm@@V?$allocator@U?$tmat4x4@M$0A@@glm@@@std@@@std@@@Z)
Timer.obj : error LNK2001: unresolved external symbol _glfwGetTime
Main.obj : error LNK2019: unresolved external symbol _glfwInit referenced in function "int __cdecl initOpenGL(void)" (?initOpenGL@@YAHXZ)
Main.obj : error LNK2019: unresolved external symbol _glfwWindowHint referenced in function "int __cdecl initOpenGL(void)" (?initOpenGL@@YAHXZ)
Main.obj : error LNK2019: unresolved external symbol _glfwCreateWindow referenced in function "int __cdecl initOpenGL(void)" (?initOpenGL@@YAHXZ)
Main.obj : error LNK2019: unresolved external symbol _glfwWindowShouldClose referenced in function _main
Main.obj : error LNK2019: unresolved external symbol _glfwSetWindowShouldClose referenced in function "void __cdecl keyboardCallback(struct GLFWwindow *,int,int,int,int)" (?keyboardCallback@@YAXPAUGLFWwindow@@HHHH@Z)
Main.obj : error LNK2019: unresolved external symbol _glfwSetFramebufferSizeCallback referenced in function "int __cdecl initOpenGL(void)" (?initOpenGL@@YAHXZ)
Main.obj : error LNK2019: unresolved external symbol _glfwPollEvents referenced in function _main
Main.obj : error LNK2019: unresolved external symbol _glfwSetInputMode referenced in function _main
Main.obj : error LNK2019: unresolved external symbol _glfwGetKey referenced in function _main
Main.obj : error LNK2019: unresolved external symbol _glfwSetKeyCallback referenced in function "int __cdecl initOpenGL(void)" (?initOpenGL@@YAHXZ)
Main.obj : error LNK2019: unresolved external symbol _glfwSetCursorPosCallback referenced in function "int __cdecl initOpenGL(void)" (?initOpenGL@@YAHXZ)
Main.obj : error LNK2019: unresolved external symbol _glfwMakeContextCurrent referenced in function "int __cdecl initOpenGL(void)" (?initOpenGL@@YAHXZ)
Main.obj : error LNK2019: unresolved external symbol _glfwSwapBuffers referenced in function _main
Main.obj : error LNK2019: unresolved external symbol _glfwSwapInterval referenced in function "int __cdecl initOpenGL(void)" (?initOpenGL@@YAHXZ)
Main.obj : error LNK2019: unresolved external symbol _glfwGetProcAddress referenced in function "int __cdecl initOpenGL(void)" (?initOpenGL@@YAHXZ)
Model.obj : error LNK2019: unresolved external symbol "public: __thiscall Assimp::Importer::Importer(void)" (??0Importer@Assimp@@QAE@XZ) referenced in function "private: virtual void __thiscall AnimatedModel::loadModel(class std::basic_string<char,struct std::char_traits<char>,class std::allocator<char> >)" (?loadModel@AnimatedModel@@EAEXV?$basic_string@DU?$char_traits@D@std@@V?$allocator@D@2@@std@@@Z)
Model.obj : error LNK2019: unresolved external symbol "public: __thiscall Assimp::Importer::~Importer(void)" (??1Importer@Assimp@@QAE@XZ) referenced in function "private: virtual void __thiscall AnimatedModel::loadModel(class std::basic_string<char,struct std::char_traits<char>,class std::allocator<char> >)" (?loadModel@AnimatedModel@@EAEXV?$basic_string@DU?$char_traits@D@std@@V?$allocator@D@2@@std@@@Z)
Model.obj : error LNK2019: unresolved external symbol "public: struct aiScene const * __thiscall Assimp::Importer::ReadFile(char const *,unsigned int)" (?ReadFile@Importer@Assimp@@QAEPBUaiScene@@PBDI@Z) referenced in function "public: struct aiScene const * __thiscall Assimp::Importer::ReadFile(class std::basic_string<char,struct std::char_traits<char>,class std::allocator<char> > const &,unsigned int)" (?ReadFile@Importer@Assimp@@QAEPBUaiScene@@ABV?$basic_string@DU?$char_traits@D@std@@V?$allocator@D@2@@std@@I@Z)
Model.obj : error LNK2019: unresolved external symbol "public: char const * __thiscall Assimp::Importer::GetErrorString(void)const " (?GetErrorString@Importer@Assimp@@QBEPBDXZ) referenced in function "private: virtual void __thiscall AnimatedModel::loadModel(class std::basic_string<char,struct std::char_traits<char>,class std::allocator<char> >)" (?loadModel@AnimatedModel@@EAEXV?$basic_string@DU?$char_traits@D@std@@V?$allocator@D@2@@std@@@Z)
Model.obj : error LNK2019: unresolved external symbol _aiGetMaterialTextureCount referenced in function "public: unsigned int __thiscall aiMaterial::GetTextureCount(enum aiTextureType)const " (?GetTextureCount@aiMaterial@@QBEIW4aiTextureType@@@Z)
Model.obj : error LNK2019: unresolved external symbol _aiGetMaterialTexture referenced in function "public: enum aiReturn __thiscall aiMaterial::GetTexture(enum aiTextureType,unsigned int,struct aiString *,enum aiTextureMapping *,unsigned int *,float *,enum aiTextureOp *,enum aiTextureMapMode *)const " (?GetTexture@aiMaterial@@QBE?AW4aiReturn@@W4aiTextureType@@IPAUaiString@@PAW4aiTextureMapping@@PAIPAMPAW4aiTextureOp@@PAW4aiTextureMapMode@@@Z)
C:\Users\Jordan\Documents\C++ Libraries\glfw-3.2.1.bin.WIN64\glfw-3.2.1.bin.WIN64\lib-vc2015\glfw3.lib : warning LNK4272: library machine type 'x64' conflicts with target machine type 'X86'
C:\Users\Jordan\Assimp\lib\x64\assimpd.lib : warning LNK4272: library machine type 'x64' conflicts with target machine type 'X86'
C:\Users\Jordan\Documents\Visual Studio 2015\Projects\ClothSim\Debug\ClothSim.exe : fatal error LNK1120: 22 unresolved externals
