c:\users\jordan\documents\visual studio 2015\projects\clothsim\clothsim\x64\debug\vc140.pdb
c:\users\jordan\documents\visual studio 2015\projects\clothsim\clothsim\x64\debug\vc140.idb
c:\users\jordan\documents\visual studio 2015\projects\clothsim\clothsim\x64\debug\glcamera.obj
c:\users\jordan\documents\visual studio 2015\projects\clothsim\clothsim\x64\debug\shader.obj
c:\users\jordan\documents\visual studio 2015\projects\clothsim\clothsim\x64\debug\timer.obj
c:\users\jordan\documents\visual studio 2015\projects\clothsim\clothsim\x64\debug\main.obj
c:\users\jordan\documents\visual studio 2015\projects\clothsim\clothsim\x64\debug\mesh.obj
c:\users\jordan\documents\visual studio 2015\projects\clothsim\clothsim\x64\debug\aabb.obj
c:\users\jordan\documents\visual studio 2015\projects\clothsim\clothsim\x64\debug\animation.obj
c:\users\jordan\documents\visual studio 2015\projects\clothsim\clothsim\x64\debug\model.obj
c:\users\jordan\documents\visual studio 2015\projects\clothsim\clothsim\x64\debug\glad.obj
c:\users\jordan\documents\visual studio 2015\projects\clothsim\clothsim\x64\debug\stb_image.obj
c:\users\jordan\documents\visual studio 2015\projects\clothsim\x64\debug\clothsim.ilk
c:\users\jordan\documents\visual studio 2015\projects\clothsim\x64\debug\clothsim.exe
c:\users\jordan\documents\visual studio 2015\projects\clothsim\x64\debug\clothsim.pdb
c:\users\jordan\documents\visual studio 2015\projects\clothsim\clothsim\x64\debug\mesh.obj.enc
c:\users\jordan\documents\visual studio 2015\projects\clothsim\clothsim\x64\debug\clothsim.tlog\cl.command.1.tlog
c:\users\jordan\documents\visual studio 2015\projects\clothsim\clothsim\x64\debug\clothsim.tlog\cl.read.1.tlog
c:\users\jordan\documents\visual studio 2015\projects\clothsim\clothsim\x64\debug\clothsim.tlog\cl.write.1.tlog
c:\users\jordan\documents\visual studio 2015\projects\clothsim\clothsim\x64\debug\clothsim.tlog\link.command.1.tlog
c:\users\jordan\documents\visual studio 2015\projects\clothsim\clothsim\x64\debug\clothsim.tlog\link.read.1.tlog
c:\users\jordan\documents\visual studio 2015\projects\clothsim\clothsim\x64\debug\clothsim.tlog\link.write.1.tlog
